2015-11-02 15:04:29,361 DEBUG [vert.x-eventloop-thread-3] o.p.e.AbstractExceptionMapper [AbstractExceptionMapper.java:47] javax.validation.ConstraintViolationException;1,BAD_REQUEST, Invalid input body.;BAD_REQUEST; Invalid input body.
2015-11-02 15:04:29,365 DEBUG [vert.x-eventloop-thread-3] o.p.e.CustomExceptionMapper [CustomExceptionMapper.java:20] ExceptionMapper ... Initialized.
2015-11-02 15:04:29,776 INFO [vert.x-eventloop-thread-3] o.p.r.MyResourceLayer [MyResourceLayer.java:41] Eco!
2015-11-02 15:04:29,777 INFO [vert.x-eventloop-thread-3] o.p.f.CustomRequestFilter [CustomRequestFilter.java:18] Log 1
2015-11-02 15:04:29,986 WARN [vert.x-eventloop-thread-3] o.p.e.AbstractExceptionMapper [AbstractExceptionMapper.java:64] User Error:  Invalid input body., null, [org.glassfish.jersey.server.validation.internal.DefaultConfiguredValidator.onValidate(DefaultConfiguredValidator.java:180), org.glassfish.jersey.server.validation.internal.ValidationInterceptorExecutor.proceed(ValidationInterceptorExecutor.java:113), org.glassfish.jersey.server.validation.internal.DefaultConfiguredValidator.validateResourceAndInputParams(DefaultConfiguredValidator.java:146), org.glassfish.jersey.server.model.internal.AbstractJavaResourceMethodDispatcher.invoke(AbstractJavaResourceMethodDispatcher.java:134), org.glassfish.jersey.server.model.internal.JavaResourceMethodDispatcherProvider$VoidOutInvoker.doDispatch(JavaResourceMethodDispatcherProvider.java:143), org.glassfish.jersey.server.model.internal.AbstractJavaResourceMethodDispatcher.dispatch(AbstractJavaResourceMethodDispatcher.java:99), org.glassfish.jersey.server.model.ResourceMethodInvoker.invoke(ResourceMethodInvoker.java:389), org.glassfish.jersey.server.model.ResourceMethodInvoker.apply(ResourceMethodInvoker.java:347), org.glassfish.jersey.server.model.ResourceMethodInvoker.apply(ResourceMethodInvoker.java:102), org.glassfish.jersey.server.ServerRuntime$2.run(ServerRuntime.java:317), org.glassfish.jersey.internal.Errors$1.call(Errors.java:271), org.glassfish.jersey.internal.Errors$1.call(Errors.java:267), org.glassfish.jersey.internal.Errors.process(Errors.java:315), org.glassfish.jersey.internal.Errors.process(Errors.java:297), org.glassfish.jersey.internal.Errors.process(Errors.java:267), org.glassfish.jersey.process.internal.RequestScope.runInScope(RequestScope.java:317), org.glassfish.jersey.server.ServerRuntime.process(ServerRuntime.java:298), org.glassfish.jersey.server.ApplicationHandler.handle(ApplicationHandler.java:1154), com.englishtown.vertx.jersey.impl.DefaultApplicationHandlerDelegate.handle(DefaultApplicationHandlerDelegate.java:49), com.englishtown.vertx.jersey.impl.DefaultJerseyHandler.handle(DefaultJerseyHandler.java:247), com.englishtown.vertx.jersey.impl.DefaultJerseyHandler.handle(DefaultJerseyHandler.java:153), com.englishtown.vertx.jersey.impl.DefaultJerseyHandler.lambda$handle$7(DefaultJerseyHandler.java:121), com.englishtown.vertx.jersey.impl.DefaultJerseyHandler$$Lambda$51/1759607248.handle(Unknown Source), io.vertx.core.http.impl.HttpServerRequestImpl.handleEnd(HttpServerRequestImpl.java:394), io.vertx.core.http.impl.ServerConnection.handleEnd(ServerConnection.java:288), io.vertx.core.http.impl.ServerConnection.processMessage(ServerConnection.java:403), io.vertx.core.http.impl.ServerConnection.handleMessage(ServerConnection.java:137), io.vertx.core.http.impl.HttpServerImpl$ServerHandler.doMessageReceived(HttpServerImpl.java:516), io.vertx.core.http.impl.HttpServerImpl$ServerHandler.doMessageReceived(HttpServerImpl.java:425), io.vertx.core.http.impl.VertxHttpHandler.lambda$channelRead$17(VertxHttpHandler.java:80), io.vertx.core.http.impl.VertxHttpHandler$$Lambda$53/1757881418.run(Unknown Source), io.vertx.core.impl.ContextImpl.lambda$wrapTask$15(ContextImpl.java:312), io.vertx.core.impl.ContextImpl$$Lambda$12/587003819.run(Unknown Source), io.vertx.core.impl.ContextImpl.executeFromIO(ContextImpl.java:217), io.vertx.core.http.impl.VertxHttpHandler.channelRead(VertxHttpHandler.java:80), io.vertx.core.net.impl.VertxHandler.channelRead(VertxHandler.java:124), io.netty.channel.AbstractChannelHandlerContext.invokeChannelRead(AbstractChannelHandlerContext.java:308), io.netty.channel.AbstractChannelHandlerContext.fireChannelRead(AbstractChannelHandlerContext.java:294), io.netty.handler.codec.ByteToMessageDecoder.channelRead(ByteToMessageDecoder.java:244), io.netty.channel.AbstractChannelHandlerContext.invokeChannelRead(AbstractChannelHandlerContext.java:308), io.netty.channel.AbstractChannelHandlerContext.fireChannelRead(AbstractChannelHandlerContext.java:294), io.netty.channel.DefaultChannelPipeline.fireChannelRead(DefaultChannelPipeline.java:846), io.netty.channel.nio.AbstractNioByteChannel$NioByteUnsafe.read(AbstractNioByteChannel.java:131), io.netty.channel.nio.NioEventLoop.processSelectedKey(NioEventLoop.java:511), io.netty.channel.nio.NioEventLoop.processSelectedKeysOptimized(NioEventLoop.java:468), io.netty.channel.nio.NioEventLoop.processSelectedKeys(NioEventLoop.java:382), io.netty.channel.nio.NioEventLoop.run(NioEventLoop.java:354), io.netty.util.concurrent.SingleThreadEventExecutor$2.run(SingleThreadEventExecutor.java:111), java.lang.Thread.run(Thread.java:745)]
2015-11-02 15:04:30,019 INFO [vert.x-eventloop-thread-3] o.p.f.CustomResponseFilter [CustomResponseFilter.java:26] Log 2
2015-11-02 15:04:30,248 DEBUG [vert.x-eventloop-thread-3] o.p.e.AbstractExceptionMapper [AbstractExceptionMapper.java:47] javax.validation.ConstraintViolationException;1,BAD_REQUEST, Invalid input body.;BAD_REQUEST; Invalid input body.
2015-11-02 15:04:30,248 DEBUG [vert.x-eventloop-thread-3] o.p.e.CustomExceptionMapper [CustomExceptionMapper.java:20] ExceptionMapper ... Initialized.
2015-11-02 15:04:30,291 INFO [vert.x-eventloop-thread-3] o.p.r.MyResourceLayer [MyResourceLayer.java:41] Eco!
2015-11-02 15:04:30,292 INFO [vert.x-eventloop-thread-3] o.p.f.CustomRequestFilter [CustomRequestFilter.java:18] Log 1
2015-11-02 15:04:30,323 INFO [vert.x-eventloop-thread-3] o.p.f.CustomResponseFilter [CustomResponseFilter.java:26] Log 2
2015-11-02 15:04:30,440 DEBUG [vert.x-eventloop-thread-3] o.p.e.AbstractExceptionMapper [AbstractExceptionMapper.java:47] javax.validation.ConstraintViolationException;1,BAD_REQUEST, Invalid input body.;BAD_REQUEST; Invalid input body.
2015-11-02 15:04:30,441 DEBUG [vert.x-eventloop-thread-3] o.p.e.CustomExceptionMapper [CustomExceptionMapper.java:20] ExceptionMapper ... Initialized.
2015-11-02 15:04:30,454 INFO [vert.x-eventloop-thread-3] o.p.r.MyResourceLayer [MyResourceLayer.java:41] Eco!
2015-11-02 15:04:30,455 INFO [vert.x-eventloop-thread-3] o.p.f.CustomRequestFilter [CustomRequestFilter.java:18] Log 1
2015-11-02 15:04:30,461 INFO [vert.x-eventloop-thread-3] o.p.f.CustomResponseFilter [CustomResponseFilter.java:26] Log 2
2015-11-02 15:04:30,579 DEBUG [vert.x-eventloop-thread-3] o.p.e.AbstractExceptionMapper [AbstractExceptionMapper.java:47] javax.validation.ConstraintViolationException;1,BAD_REQUEST, Invalid input body.;BAD_REQUEST; Invalid input body.
2015-11-02 15:04:30,580 DEBUG [vert.x-eventloop-thread-3] o.p.e.CustomExceptionMapper [CustomExceptionMapper.java:20] ExceptionMapper ... Initialized.
2015-11-02 15:04:30,592 INFO [vert.x-eventloop-thread-3] o.p.r.MyResourceLayer [MyResourceLayer.java:41] Eco!
2015-11-02 15:04:30,592 INFO [vert.x-eventloop-thread-3] o.p.f.CustomRequestFilter [CustomRequestFilter.java:18] Log 1
2015-11-02 15:04:30,597 INFO [vert.x-eventloop-thread-3] o.p.f.CustomResponseFilter [CustomResponseFilter.java:26] Log 2
2015-11-02 15:18:21,786 DEBUG [vert.x-eventloop-thread-2] o.p.e.AbstractExceptionMapper [AbstractExceptionMapper.java:47] javax.validation.ConstraintViolationException;1,BAD_REQUEST, Invalid input body.;BAD_REQUEST; Invalid input body.
2015-11-02 15:18:21,790 DEBUG [vert.x-eventloop-thread-2] o.p.e.CustomExceptionMapper [CustomExceptionMapper.java:20] ExceptionMapper ... Initialized.
2015-11-02 15:23:16,725 DEBUG [vert.x-eventloop-thread-2] o.p.e.AbstractExceptionMapper [AbstractExceptionMapper.java:47] javax.validation.ConstraintViolationException;1,BAD_REQUEST, Invalid input body.;BAD_REQUEST; Invalid input body.
2015-11-02 15:23:16,729 DEBUG [vert.x-eventloop-thread-2] o.p.e.CustomExceptionMapper [CustomExceptionMapper.java:20] ExceptionMapper ... Initialized.
2015-11-02 15:24:16,352 DEBUG [vert.x-eventloop-thread-3] o.p.e.AbstractExceptionMapper [AbstractExceptionMapper.java:47] javax.validation.ConstraintViolationException;1,BAD_REQUEST, Invalid input body.;BAD_REQUEST; Invalid input body.
2015-11-02 15:24:16,355 DEBUG [vert.x-eventloop-thread-3] o.p.e.CustomExceptionMapper [CustomExceptionMapper.java:20] ExceptionMapper ... Initialized.
2015-11-02 15:24:16,565 INFO [vert.x-eventloop-thread-3] o.p.r.MyResourceLayer [MyResourceLayer.java:41] Eco!
2015-11-02 15:24:16,566 INFO [vert.x-eventloop-thread-3] o.p.f.CustomRequestFilter [CustomRequestFilter.java:18] Log 1
2015-11-02 15:24:16,761 WARN [vert.x-eventloop-thread-3] o.p.e.AbstractExceptionMapper [AbstractExceptionMapper.java:64] User Error:  Invalid input body., null, [org.glassfish.jersey.server.validation.internal.DefaultConfiguredValidator.onValidate(DefaultConfiguredValidator.java:180), org.glassfish.jersey.server.validation.internal.ValidationInterceptorExecutor.proceed(ValidationInterceptorExecutor.java:113), org.glassfish.jersey.server.validation.internal.DefaultConfiguredValidator.validateResourceAndInputParams(DefaultConfiguredValidator.java:146), org.glassfish.jersey.server.model.internal.AbstractJavaResourceMethodDispatcher.invoke(AbstractJavaResourceMethodDispatcher.java:134), org.glassfish.jersey.server.model.internal.JavaResourceMethodDispatcherProvider$VoidOutInvoker.doDispatch(JavaResourceMethodDispatcherProvider.java:143), org.glassfish.jersey.server.model.internal.AbstractJavaResourceMethodDispatcher.dispatch(AbstractJavaResourceMethodDispatcher.java:99), org.glassfish.jersey.server.model.ResourceMethodInvoker.invoke(ResourceMethodInvoker.java:389), org.glassfish.jersey.server.model.ResourceMethodInvoker.apply(ResourceMethodInvoker.java:347), org.glassfish.jersey.server.model.ResourceMethodInvoker.apply(ResourceMethodInvoker.java:102), org.glassfish.jersey.server.ServerRuntime$2.run(ServerRuntime.java:317), org.glassfish.jersey.internal.Errors$1.call(Errors.java:271), org.glassfish.jersey.internal.Errors$1.call(Errors.java:267), org.glassfish.jersey.internal.Errors.process(Errors.java:315), org.glassfish.jersey.internal.Errors.process(Errors.java:297), org.glassfish.jersey.internal.Errors.process(Errors.java:267), org.glassfish.jersey.process.internal.RequestScope.runInScope(RequestScope.java:317), org.glassfish.jersey.server.ServerRuntime.process(ServerRuntime.java:298), org.glassfish.jersey.server.ApplicationHandler.handle(ApplicationHandler.java:1154), com.englishtown.vertx.jersey.impl.DefaultApplicationHandlerDelegate.handle(DefaultApplicationHandlerDelegate.java:49), com.englishtown.vertx.jersey.impl.DefaultJerseyHandler.handle(DefaultJerseyHandler.java:247), com.englishtown.vertx.jersey.impl.DefaultJerseyHandler.handle(DefaultJerseyHandler.java:153), com.englishtown.vertx.jersey.impl.DefaultJerseyHandler.lambda$handle$7(DefaultJerseyHandler.java:121), com.englishtown.vertx.jersey.impl.DefaultJerseyHandler$$Lambda$37/110504327.handle(Unknown Source), io.vertx.core.http.impl.HttpServerRequestImpl.handleEnd(HttpServerRequestImpl.java:394), io.vertx.core.http.impl.ServerConnection.handleEnd(ServerConnection.java:288), io.vertx.core.http.impl.ServerConnection.processMessage(ServerConnection.java:403), io.vertx.core.http.impl.ServerConnection.handleMessage(ServerConnection.java:137), io.vertx.core.http.impl.HttpServerImpl$ServerHandler.doMessageReceived(HttpServerImpl.java:516), io.vertx.core.http.impl.HttpServerImpl$ServerHandler.doMessageReceived(HttpServerImpl.java:425), io.vertx.core.http.impl.VertxHttpHandler.lambda$channelRead$17(VertxHttpHandler.java:80), io.vertx.core.http.impl.VertxHttpHandler$$Lambda$39/1057195795.run(Unknown Source), io.vertx.core.impl.ContextImpl.lambda$wrapTask$15(ContextImpl.java:312), io.vertx.core.impl.ContextImpl$$Lambda$12/1882349076.run(Unknown Source), io.vertx.core.impl.ContextImpl.executeFromIO(ContextImpl.java:217), io.vertx.core.http.impl.VertxHttpHandler.channelRead(VertxHttpHandler.java:80), io.vertx.core.net.impl.VertxHandler.channelRead(VertxHandler.java:124), io.netty.channel.AbstractChannelHandlerContext.invokeChannelRead(AbstractChannelHandlerContext.java:308), io.netty.channel.AbstractChannelHandlerContext.fireChannelRead(AbstractChannelHandlerContext.java:294), io.netty.handler.codec.ByteToMessageDecoder.channelRead(ByteToMessageDecoder.java:244), io.netty.channel.AbstractChannelHandlerContext.invokeChannelRead(AbstractChannelHandlerContext.java:308), io.netty.channel.AbstractChannelHandlerContext.fireChannelRead(AbstractChannelHandlerContext.java:294), io.netty.channel.DefaultChannelPipeline.fireChannelRead(DefaultChannelPipeline.java:846), io.netty.channel.nio.AbstractNioByteChannel$NioByteUnsafe.read(AbstractNioByteChannel.java:131), io.netty.channel.nio.NioEventLoop.processSelectedKey(NioEventLoop.java:511), io.netty.channel.nio.NioEventLoop.processSelectedKeysOptimized(NioEventLoop.java:468), io.netty.channel.nio.NioEventLoop.processSelectedKeys(NioEventLoop.java:382), io.netty.channel.nio.NioEventLoop.run(NioEventLoop.java:354), io.netty.util.concurrent.SingleThreadEventExecutor$2.run(SingleThreadEventExecutor.java:111), java.lang.Thread.run(Thread.java:745)]
2015-11-02 15:24:16,778 INFO [vert.x-eventloop-thread-3] o.p.f.CustomResponseFilter [CustomResponseFilter.java:26] Log 2
2015-11-02 15:24:16,989 DEBUG [vert.x-eventloop-thread-3] o.p.e.AbstractExceptionMapper [AbstractExceptionMapper.java:47] javax.validation.ConstraintViolationException;1,BAD_REQUEST, Invalid input body.;BAD_REQUEST; Invalid input body.
2015-11-02 15:24:16,990 DEBUG [vert.x-eventloop-thread-3] o.p.e.CustomExceptionMapper [CustomExceptionMapper.java:20] ExceptionMapper ... Initialized.
2015-11-02 15:24:17,039 INFO [vert.x-eventloop-thread-3] o.p.r.MyResourceLayer [MyResourceLayer.java:41] Eco!
2015-11-02 15:24:17,040 INFO [vert.x-eventloop-thread-3] o.p.f.CustomRequestFilter [CustomRequestFilter.java:18] Log 1
2015-11-02 15:24:17,055 INFO [vert.x-eventloop-thread-3] o.p.f.CustomResponseFilter [CustomResponseFilter.java:26] Log 2
2015-11-02 15:24:17,176 DEBUG [vert.x-eventloop-thread-3] o.p.e.AbstractExceptionMapper [AbstractExceptionMapper.java:47] javax.validation.ConstraintViolationException;1,BAD_REQUEST, Invalid input body.;BAD_REQUEST; Invalid input body.
2015-11-02 15:24:17,177 DEBUG [vert.x-eventloop-thread-3] o.p.e.CustomExceptionMapper [CustomExceptionMapper.java:20] ExceptionMapper ... Initialized.
2015-11-02 15:24:17,188 INFO [vert.x-eventloop-thread-3] o.p.r.MyResourceLayer [MyResourceLayer.java:41] Eco!
2015-11-02 15:24:17,188 INFO [vert.x-eventloop-thread-3] o.p.f.CustomRequestFilter [CustomRequestFilter.java:18] Log 1
2015-11-02 15:24:17,193 INFO [vert.x-eventloop-thread-3] o.p.f.CustomResponseFilter [CustomResponseFilter.java:26] Log 2
2015-11-02 15:24:17,314 DEBUG [vert.x-eventloop-thread-3] o.p.e.AbstractExceptionMapper [AbstractExceptionMapper.java:47] javax.validation.ConstraintViolationException;1,BAD_REQUEST, Invalid input body.;BAD_REQUEST; Invalid input body.
2015-11-02 15:24:17,315 DEBUG [vert.x-eventloop-thread-3] o.p.e.CustomExceptionMapper [CustomExceptionMapper.java:20] ExceptionMapper ... Initialized.
2015-11-02 15:24:17,329 INFO [vert.x-eventloop-thread-3] o.p.r.MyResourceLayer [MyResourceLayer.java:41] Eco!
2015-11-02 15:24:17,330 INFO [vert.x-eventloop-thread-3] o.p.f.CustomRequestFilter [CustomRequestFilter.java:18] Log 1
2015-11-02 15:24:17,337 INFO [vert.x-eventloop-thread-3] o.p.f.CustomResponseFilter [CustomResponseFilter.java:26] Log 2
2015-11-02 15:24:34,521 DEBUG [vert.x-eventloop-thread-2] o.p.e.AbstractExceptionMapper [AbstractExceptionMapper.java:47] javax.validation.ConstraintViolationException;1,BAD_REQUEST, Invalid input body.;BAD_REQUEST; Invalid input body.
2015-11-02 15:24:34,525 DEBUG [vert.x-eventloop-thread-2] o.p.e.CustomExceptionMapper [CustomExceptionMapper.java:20] ExceptionMapper ... Initialized.
2015-11-05 20:49:42,580 DEBUG [vert.x-eventloop-thread-2] o.p.e.AbstractExceptionMapper [AbstractExceptionMapper.java:47] javax.validation.ConstraintViolationException;1,BAD_REQUEST, Invalid input body.;BAD_REQUEST; Invalid input body.
2015-11-05 20:49:42,614 DEBUG [vert.x-eventloop-thread-2] o.p.e.CustomExceptionMapper [CustomExceptionMapper.java:20] ExceptionMapper ... Initialized.
2015-11-05 20:50:31,214 INFO [vert.x-eventloop-thread-2] o.p.f.CustomResponseFilter [CustomResponseFilter.java:26] Log 2
2015-11-13 19:03:32,866 DEBUG [vert.x-eventloop-thread-2] o.p.e.AbstractExceptionMapper [AbstractExceptionMapper.java:47] javax.validation.ConstraintViolationException;1,BAD_REQUEST, Invalid input body.;BAD_REQUEST; Invalid input body.
2015-11-13 19:03:32,866 DEBUG [vert.x-eventloop-thread-7] o.p.e.AbstractExceptionMapper [AbstractExceptionMapper.java:47] javax.validation.ConstraintViolationException;1,BAD_REQUEST, Invalid input body.;BAD_REQUEST; Invalid input body.
2015-11-13 19:03:32,866 DEBUG [vert.x-eventloop-thread-1] o.p.e.AbstractExceptionMapper [AbstractExceptionMapper.java:47] javax.validation.ConstraintViolationException;1,BAD_REQUEST, Invalid input body.;BAD_REQUEST; Invalid input body.
2015-11-13 19:03:32,866 DEBUG [vert.x-eventloop-thread-3] o.p.e.AbstractExceptionMapper [AbstractExceptionMapper.java:47] javax.validation.ConstraintViolationException;1,BAD_REQUEST, Invalid input body.;BAD_REQUEST; Invalid input body.
2015-11-13 19:03:32,866 DEBUG [vert.x-eventloop-thread-4] o.p.e.AbstractExceptionMapper [AbstractExceptionMapper.java:47] javax.validation.ConstraintViolationException;1,BAD_REQUEST, Invalid input body.;BAD_REQUEST; Invalid input body.
2015-11-13 19:03:32,866 DEBUG [vert.x-eventloop-thread-0] o.p.e.AbstractExceptionMapper [AbstractExceptionMapper.java:47] javax.validation.ConstraintViolationException;1,BAD_REQUEST, Invalid input body.;BAD_REQUEST; Invalid input body.
2015-11-13 19:03:32,866 DEBUG [vert.x-eventloop-thread-6] o.p.e.AbstractExceptionMapper [AbstractExceptionMapper.java:47] javax.validation.ConstraintViolationException;1,BAD_REQUEST, Invalid input body.;BAD_REQUEST; Invalid input body.
2015-11-13 19:03:32,866 DEBUG [vert.x-eventloop-thread-5] o.p.e.AbstractExceptionMapper [AbstractExceptionMapper.java:47] javax.validation.ConstraintViolationException;1,BAD_REQUEST, Invalid input body.;BAD_REQUEST; Invalid input body.
2015-11-13 19:03:32,923 DEBUG [vert.x-eventloop-thread-2] o.p.e.CustomExceptionMapper [CustomExceptionMapper.java:20] ExceptionMapper ... Initialized.
2015-11-13 19:03:32,923 DEBUG [vert.x-eventloop-thread-4] o.p.e.CustomExceptionMapper [CustomExceptionMapper.java:20] ExceptionMapper ... Initialized.
2015-11-13 19:03:32,923 DEBUG [vert.x-eventloop-thread-3] o.p.e.CustomExceptionMapper [CustomExceptionMapper.java:20] ExceptionMapper ... Initialized.
2015-11-13 19:03:32,923 DEBUG [vert.x-eventloop-thread-1] o.p.e.CustomExceptionMapper [CustomExceptionMapper.java:20] ExceptionMapper ... Initialized.
2015-11-13 19:03:32,923 DEBUG [vert.x-eventloop-thread-0] o.p.e.CustomExceptionMapper [CustomExceptionMapper.java:20] ExceptionMapper ... Initialized.
2015-11-13 19:03:32,923 DEBUG [vert.x-eventloop-thread-7] o.p.e.CustomExceptionMapper [CustomExceptionMapper.java:20] ExceptionMapper ... Initialized.
2015-11-13 19:03:32,923 DEBUG [vert.x-eventloop-thread-6] o.p.e.CustomExceptionMapper [CustomExceptionMapper.java:20] ExceptionMapper ... Initialized.
2015-11-13 19:03:32,924 DEBUG [vert.x-eventloop-thread-5] o.p.e.CustomExceptionMapper [CustomExceptionMapper.java:20] ExceptionMapper ... Initialized.
2015-11-13 19:03:48,622 DEBUG [vert.x-eventloop-thread-1] o.p.e.AbstractExceptionMapper [AbstractExceptionMapper.java:47] javax.validation.ConstraintViolationException;1,BAD_REQUEST, Invalid input body.;BAD_REQUEST; Invalid input body.
2015-11-13 19:03:48,623 DEBUG [vert.x-eventloop-thread-6] o.p.e.AbstractExceptionMapper [AbstractExceptionMapper.java:47] javax.validation.ConstraintViolationException;1,BAD_REQUEST, Invalid input body.;BAD_REQUEST; Invalid input body.
2015-11-13 19:03:48,622 DEBUG [vert.x-eventloop-thread-2] o.p.e.AbstractExceptionMapper [AbstractExceptionMapper.java:47] javax.validation.ConstraintViolationException;1,BAD_REQUEST, Invalid input body.;BAD_REQUEST; Invalid input body.
2015-11-13 19:03:48,623 DEBUG [vert.x-eventloop-thread-0] o.p.e.AbstractExceptionMapper [AbstractExceptionMapper.java:47] javax.validation.ConstraintViolationException;1,BAD_REQUEST, Invalid input body.;BAD_REQUEST; Invalid input body.
2015-11-13 19:03:48,623 DEBUG [vert.x-eventloop-thread-3] o.p.e.AbstractExceptionMapper [AbstractExceptionMapper.java:47] javax.validation.ConstraintViolationException;1,BAD_REQUEST, Invalid input body.;BAD_REQUEST; Invalid input body.
2015-11-13 19:03:48,623 DEBUG [vert.x-eventloop-thread-7] o.p.e.AbstractExceptionMapper [AbstractExceptionMapper.java:47] javax.validation.ConstraintViolationException;1,BAD_REQUEST, Invalid input body.;BAD_REQUEST; Invalid input body.
2015-11-13 19:03:48,623 DEBUG [vert.x-eventloop-thread-5] o.p.e.AbstractExceptionMapper [AbstractExceptionMapper.java:47] javax.validation.ConstraintViolationException;1,BAD_REQUEST, Invalid input body.;BAD_REQUEST; Invalid input body.
2015-11-13 19:03:48,623 DEBUG [vert.x-eventloop-thread-4] o.p.e.AbstractExceptionMapper [AbstractExceptionMapper.java:47] javax.validation.ConstraintViolationException;1,BAD_REQUEST, Invalid input body.;BAD_REQUEST; Invalid input body.
2015-11-13 19:03:48,632 DEBUG [vert.x-eventloop-thread-3] o.p.e.CustomExceptionMapper [CustomExceptionMapper.java:20] ExceptionMapper ... Initialized.
2015-11-13 19:03:48,632 DEBUG [vert.x-eventloop-thread-4] o.p.e.CustomExceptionMapper [CustomExceptionMapper.java:20] ExceptionMapper ... Initialized.
2015-11-13 19:03:48,632 DEBUG [vert.x-eventloop-thread-0] o.p.e.CustomExceptionMapper [CustomExceptionMapper.java:20] ExceptionMapper ... Initialized.
2015-11-13 19:03:48,632 DEBUG [vert.x-eventloop-thread-1] o.p.e.CustomExceptionMapper [CustomExceptionMapper.java:20] ExceptionMapper ... Initialized.
2015-11-13 19:03:48,632 DEBUG [vert.x-eventloop-thread-6] o.p.e.CustomExceptionMapper [CustomExceptionMapper.java:20] ExceptionMapper ... Initialized.
2015-11-13 19:03:48,632 DEBUG [vert.x-eventloop-thread-2] o.p.e.CustomExceptionMapper [CustomExceptionMapper.java:20] ExceptionMapper ... Initialized.
2015-11-13 19:03:48,632 DEBUG [vert.x-eventloop-thread-5] o.p.e.CustomExceptionMapper [CustomExceptionMapper.java:20] ExceptionMapper ... Initialized.
2015-11-13 19:03:48,632 DEBUG [vert.x-eventloop-thread-7] o.p.e.CustomExceptionMapper [CustomExceptionMapper.java:20] ExceptionMapper ... Initialized.
2015-11-13 19:06:56,546 INFO [vert.x-eventloop-thread-1] o.p.r.MyResourceLayer [MyResourceLayer.java:41] Eco!
2015-11-13 19:06:56,548 INFO [vert.x-eventloop-thread-1] o.p.f.CustomRequestFilter [CustomRequestFilter.java:18] Log 1
2015-11-13 19:06:56,703 INFO [vert.x-eventloop-thread-1] o.p.f.CustomResponseFilter [CustomResponseFilter.java:26] Log 2
2015-11-13 19:07:17,345 INFO [vert.x-eventloop-thread-1] o.p.r.MyResourceLayer [MyResourceLayer.java:41] Eco!
2015-11-13 19:07:17,345 INFO [vert.x-eventloop-thread-1] o.p.f.CustomRequestFilter [CustomRequestFilter.java:18] Log 1
2015-11-13 19:07:17,347 INFO [vert.x-eventloop-thread-1] o.p.f.CustomResponseFilter [CustomResponseFilter.java:26] Log 2
2015-11-13 19:07:21,092 INFO [vert.x-eventloop-thread-1] o.p.r.MyResourceLayer [MyResourceLayer.java:41] Eco!
2015-11-13 19:07:21,093 INFO [vert.x-eventloop-thread-1] o.p.f.CustomRequestFilter [CustomRequestFilter.java:18] Log 1
2015-11-13 19:07:21,094 INFO [vert.x-eventloop-thread-1] o.p.f.CustomResponseFilter [CustomResponseFilter.java:26] Log 2
2015-11-13 19:07:21,244 INFO [vert.x-eventloop-thread-1] o.p.r.MyResourceLayer [MyResourceLayer.java:41] Eco!
2015-11-13 19:07:21,244 INFO [vert.x-eventloop-thread-1] o.p.f.CustomRequestFilter [CustomRequestFilter.java:18] Log 1
2015-11-13 19:07:21,245 INFO [vert.x-eventloop-thread-1] o.p.f.CustomResponseFilter [CustomResponseFilter.java:26] Log 2
2015-11-13 19:07:21,388 INFO [vert.x-eventloop-thread-1] o.p.r.MyResourceLayer [MyResourceLayer.java:41] Eco!
2015-11-13 19:07:21,389 INFO [vert.x-eventloop-thread-1] o.p.f.CustomRequestFilter [CustomRequestFilter.java:18] Log 1
2015-11-13 19:07:21,390 INFO [vert.x-eventloop-thread-1] o.p.f.CustomResponseFilter [CustomResponseFilter.java:26] Log 2
2015-11-13 19:07:21,529 INFO [vert.x-eventloop-thread-1] o.p.r.MyResourceLayer [MyResourceLayer.java:41] Eco!
2015-11-13 19:07:21,529 INFO [vert.x-eventloop-thread-1] o.p.f.CustomRequestFilter [CustomRequestFilter.java:18] Log 1
2015-11-13 19:07:21,530 INFO [vert.x-eventloop-thread-1] o.p.f.CustomResponseFilter [CustomResponseFilter.java:26] Log 2
2015-11-13 19:07:21,675 INFO [vert.x-eventloop-thread-1] o.p.r.MyResourceLayer [MyResourceLayer.java:41] Eco!
2015-11-13 19:07:21,676 INFO [vert.x-eventloop-thread-1] o.p.f.CustomRequestFilter [CustomRequestFilter.java:18] Log 1
2015-11-13 19:07:21,677 INFO [vert.x-eventloop-thread-1] o.p.f.CustomResponseFilter [CustomResponseFilter.java:26] Log 2
2015-11-13 19:07:21,817 INFO [vert.x-eventloop-thread-1] o.p.r.MyResourceLayer [MyResourceLayer.java:41] Eco!
2015-11-13 19:07:21,818 INFO [vert.x-eventloop-thread-1] o.p.f.CustomRequestFilter [CustomRequestFilter.java:18] Log 1
2015-11-13 19:07:21,819 INFO [vert.x-eventloop-thread-1] o.p.f.CustomResponseFilter [CustomResponseFilter.java:26] Log 2
2015-11-13 19:07:21,960 INFO [vert.x-eventloop-thread-1] o.p.r.MyResourceLayer [MyResourceLayer.java:41] Eco!
2015-11-13 19:07:21,960 INFO [vert.x-eventloop-thread-1] o.p.f.CustomRequestFilter [CustomRequestFilter.java:18] Log 1
2015-11-13 19:07:21,961 INFO [vert.x-eventloop-thread-1] o.p.f.CustomResponseFilter [CustomResponseFilter.java:26] Log 2
2015-11-13 19:07:22,114 INFO [vert.x-eventloop-thread-1] o.p.r.MyResourceLayer [MyResourceLayer.java:41] Eco!
2015-11-13 19:07:22,114 INFO [vert.x-eventloop-thread-1] o.p.f.CustomRequestFilter [CustomRequestFilter.java:18] Log 1
2015-11-13 19:07:22,115 INFO [vert.x-eventloop-thread-1] o.p.f.CustomResponseFilter [CustomResponseFilter.java:26] Log 2
2015-11-13 19:07:22,264 INFO [vert.x-eventloop-thread-1] o.p.r.MyResourceLayer [MyResourceLayer.java:41] Eco!
2015-11-13 19:07:22,265 INFO [vert.x-eventloop-thread-1] o.p.f.CustomRequestFilter [CustomRequestFilter.java:18] Log 1
2015-11-13 19:07:22,266 INFO [vert.x-eventloop-thread-1] o.p.f.CustomResponseFilter [CustomResponseFilter.java:26] Log 2
2015-11-13 19:07:22,405 INFO [vert.x-eventloop-thread-1] o.p.r.MyResourceLayer [MyResourceLayer.java:41] Eco!
2015-11-13 19:07:22,405 INFO [vert.x-eventloop-thread-1] o.p.f.CustomRequestFilter [CustomRequestFilter.java:18] Log 1
2015-11-13 19:07:22,406 INFO [vert.x-eventloop-thread-1] o.p.f.CustomResponseFilter [CustomResponseFilter.java:26] Log 2
2015-11-13 19:07:22,544 INFO [vert.x-eventloop-thread-1] o.p.r.MyResourceLayer [MyResourceLayer.java:41] Eco!
2015-11-13 19:07:22,545 INFO [vert.x-eventloop-thread-1] o.p.f.CustomRequestFilter [CustomRequestFilter.java:18] Log 1
2015-11-13 19:07:22,546 INFO [vert.x-eventloop-thread-1] o.p.f.CustomResponseFilter [CustomResponseFilter.java:26] Log 2
2015-11-13 19:07:22,713 INFO [vert.x-eventloop-thread-1] o.p.r.MyResourceLayer [MyResourceLayer.java:41] Eco!
2015-11-13 19:07:22,713 INFO [vert.x-eventloop-thread-1] o.p.f.CustomRequestFilter [CustomRequestFilter.java:18] Log 1
2015-11-13 19:07:22,714 INFO [vert.x-eventloop-thread-1] o.p.f.CustomResponseFilter [CustomResponseFilter.java:26] Log 2
2015-11-13 19:07:22,856 INFO [vert.x-eventloop-thread-1] o.p.r.MyResourceLayer [MyResourceLayer.java:41] Eco!
2015-11-13 19:07:22,857 INFO [vert.x-eventloop-thread-1] o.p.f.CustomRequestFilter [CustomRequestFilter.java:18] Log 1
2015-11-13 19:07:22,858 INFO [vert.x-eventloop-thread-1] o.p.f.CustomResponseFilter [CustomResponseFilter.java:26] Log 2
2015-11-13 19:07:23,019 INFO [vert.x-eventloop-thread-1] o.p.r.MyResourceLayer [MyResourceLayer.java:41] Eco!
2015-11-13 19:07:23,019 INFO [vert.x-eventloop-thread-1] o.p.f.CustomRequestFilter [CustomRequestFilter.java:18] Log 1
2015-11-13 19:07:23,021 INFO [vert.x-eventloop-thread-1] o.p.f.CustomResponseFilter [CustomResponseFilter.java:26] Log 2
2015-11-13 19:07:23,190 INFO [vert.x-eventloop-thread-1] o.p.r.MyResourceLayer [MyResourceLayer.java:41] Eco!
2015-11-13 19:07:23,190 INFO [vert.x-eventloop-thread-1] o.p.f.CustomRequestFilter [CustomRequestFilter.java:18] Log 1
2015-11-13 19:07:23,191 INFO [vert.x-eventloop-thread-1] o.p.f.CustomResponseFilter [CustomResponseFilter.java:26] Log 2
2015-11-13 19:07:23,329 INFO [vert.x-eventloop-thread-1] o.p.r.MyResourceLayer [MyResourceLayer.java:41] Eco!
2015-11-13 19:07:23,330 INFO [vert.x-eventloop-thread-1] o.p.f.CustomRequestFilter [CustomRequestFilter.java:18] Log 1
2015-11-13 19:07:23,331 INFO [vert.x-eventloop-thread-1] o.p.f.CustomResponseFilter [CustomResponseFilter.java:26] Log 2
2015-11-13 19:08:35,176 INFO [vert.x-eventloop-thread-1] o.p.r.MyResourceLayer [MyResourceLayer.java:41] Eco!
2015-11-13 19:08:35,177 INFO [vert.x-eventloop-thread-1] o.p.f.CustomRequestFilter [CustomRequestFilter.java:18] Log 1
2015-11-13 19:08:35,178 INFO [vert.x-eventloop-thread-1] o.p.f.CustomResponseFilter [CustomResponseFilter.java:26] Log 2
2015-11-13 19:08:35,345 INFO [vert.x-eventloop-thread-1] o.p.r.MyResourceLayer [MyResourceLayer.java:41] Eco!
2015-11-13 19:08:35,346 INFO [vert.x-eventloop-thread-1] o.p.f.CustomRequestFilter [CustomRequestFilter.java:18] Log 1
2015-11-13 19:08:35,347 INFO [vert.x-eventloop-thread-1] o.p.f.CustomResponseFilter [CustomResponseFilter.java:26] Log 2
2015-11-13 19:08:35,484 INFO [vert.x-eventloop-thread-1] o.p.r.MyResourceLayer [MyResourceLayer.java:41] Eco!
2015-11-13 19:08:35,484 INFO [vert.x-eventloop-thread-1] o.p.f.CustomRequestFilter [CustomRequestFilter.java:18] Log 1
2015-11-13 19:08:35,485 INFO [vert.x-eventloop-thread-1] o.p.f.CustomResponseFilter [CustomResponseFilter.java:26] Log 2
2015-11-13 19:08:35,638 INFO [vert.x-eventloop-thread-1] o.p.r.MyResourceLayer [MyResourceLayer.java:41] Eco!
2015-11-13 19:08:35,639 INFO [vert.x-eventloop-thread-1] o.p.f.CustomRequestFilter [CustomRequestFilter.java:18] Log 1
2015-11-13 19:08:35,640 INFO [vert.x-eventloop-thread-1] o.p.f.CustomResponseFilter [CustomResponseFilter.java:26] Log 2
2015-11-13 19:08:35,784 INFO [vert.x-eventloop-thread-1] o.p.r.MyResourceLayer [MyResourceLayer.java:41] Eco!
2015-11-13 19:08:35,785 INFO [vert.x-eventloop-thread-1] o.p.f.CustomRequestFilter [CustomRequestFilter.java:18] Log 1
2015-11-13 19:08:35,786 INFO [vert.x-eventloop-thread-1] o.p.f.CustomResponseFilter [CustomResponseFilter.java:26] Log 2
2015-11-13 19:08:35,924 INFO [vert.x-eventloop-thread-1] o.p.r.MyResourceLayer [MyResourceLayer.java:41] Eco!
2015-11-13 19:08:35,924 INFO [vert.x-eventloop-thread-1] o.p.f.CustomRequestFilter [CustomRequestFilter.java:18] Log 1
2015-11-13 19:08:35,926 INFO [vert.x-eventloop-thread-1] o.p.f.CustomResponseFilter [CustomResponseFilter.java:26] Log 2
2015-11-13 19:08:36,068 INFO [vert.x-eventloop-thread-1] o.p.r.MyResourceLayer [MyResourceLayer.java:41] Eco!
2015-11-13 19:08:36,069 INFO [vert.x-eventloop-thread-1] o.p.f.CustomRequestFilter [CustomRequestFilter.java:18] Log 1
2015-11-13 19:08:36,070 INFO [vert.x-eventloop-thread-1] o.p.f.CustomResponseFilter [CustomResponseFilter.java:26] Log 2
2015-11-13 19:08:36,229 INFO [vert.x-eventloop-thread-1] o.p.r.MyResourceLayer [MyResourceLayer.java:41] Eco!
2015-11-13 19:08:36,230 INFO [vert.x-eventloop-thread-1] o.p.f.CustomRequestFilter [CustomRequestFilter.java:18] Log 1
2015-11-13 19:08:36,231 INFO [vert.x-eventloop-thread-1] o.p.f.CustomResponseFilter [CustomResponseFilter.java:26] Log 2
2015-11-13 19:08:36,378 INFO [vert.x-eventloop-thread-1] o.p.r.MyResourceLayer [MyResourceLayer.java:41] Eco!
2015-11-13 19:08:36,378 INFO [vert.x-eventloop-thread-1] o.p.f.CustomRequestFilter [CustomRequestFilter.java:18] Log 1
2015-11-13 19:08:36,379 INFO [vert.x-eventloop-thread-1] o.p.f.CustomResponseFilter [CustomResponseFilter.java:26] Log 2
2015-11-13 19:08:36,540 INFO [vert.x-eventloop-thread-1] o.p.r.MyResourceLayer [MyResourceLayer.java:41] Eco!
2015-11-13 19:08:36,546 INFO [vert.x-eventloop-thread-1] o.p.f.CustomRequestFilter [CustomRequestFilter.java:18] Log 1
2015-11-13 19:08:36,547 INFO [vert.x-eventloop-thread-1] o.p.f.CustomResponseFilter [CustomResponseFilter.java:26] Log 2
2015-11-13 19:08:36,692 INFO [vert.x-eventloop-thread-1] o.p.r.MyResourceLayer [MyResourceLayer.java:41] Eco!
2015-11-13 19:08:36,693 INFO [vert.x-eventloop-thread-1] o.p.f.CustomRequestFilter [CustomRequestFilter.java:18] Log 1
2015-11-13 19:08:36,694 INFO [vert.x-eventloop-thread-1] o.p.f.CustomResponseFilter [CustomResponseFilter.java:26] Log 2
2015-11-13 19:08:36,860 INFO [vert.x-eventloop-thread-1] o.p.r.MyResourceLayer [MyResourceLayer.java:41] Eco!
2015-11-13 19:08:36,861 INFO [vert.x-eventloop-thread-1] o.p.f.CustomRequestFilter [CustomRequestFilter.java:18] Log 1
2015-11-13 19:08:36,862 INFO [vert.x-eventloop-thread-1] o.p.f.CustomResponseFilter [CustomResponseFilter.java:26] Log 2
2015-11-13 19:08:37,013 INFO [vert.x-eventloop-thread-1] o.p.r.MyResourceLayer [MyResourceLayer.java:41] Eco!
2015-11-13 19:08:37,014 INFO [vert.x-eventloop-thread-1] o.p.f.CustomRequestFilter [CustomRequestFilter.java:18] Log 1
2015-11-13 19:08:37,015 INFO [vert.x-eventloop-thread-1] o.p.f.CustomResponseFilter [CustomResponseFilter.java:26] Log 2
2015-11-13 19:08:37,169 INFO [vert.x-eventloop-thread-1] o.p.r.MyResourceLayer [MyResourceLayer.java:41] Eco!
2015-11-13 19:08:37,170 INFO [vert.x-eventloop-thread-1] o.p.f.CustomRequestFilter [CustomRequestFilter.java:18] Log 1
2015-11-13 19:08:37,173 INFO [vert.x-eventloop-thread-1] o.p.f.CustomResponseFilter [CustomResponseFilter.java:26] Log 2
2015-11-13 19:08:37,321 INFO [vert.x-eventloop-thread-1] o.p.r.MyResourceLayer [MyResourceLayer.java:41] Eco!
2015-11-13 19:08:37,321 INFO [vert.x-eventloop-thread-1] o.p.f.CustomRequestFilter [CustomRequestFilter.java:18] Log 1
2015-11-13 19:08:37,322 INFO [vert.x-eventloop-thread-1] o.p.f.CustomResponseFilter [CustomResponseFilter.java:26] Log 2
2015-11-13 19:08:37,480 INFO [vert.x-eventloop-thread-1] o.p.r.MyResourceLayer [MyResourceLayer.java:41] Eco!
2015-11-13 19:08:37,480 INFO [vert.x-eventloop-thread-1] o.p.f.CustomRequestFilter [CustomRequestFilter.java:18] Log 1
2015-11-13 19:08:37,481 INFO [vert.x-eventloop-thread-1] o.p.f.CustomResponseFilter [CustomResponseFilter.java:26] Log 2
2015-11-13 19:13:41,578 INFO [vert.x-eventloop-thread-4] o.p.r.MyResourceLayer [MyResourceLayer.java:41] Eco!
2015-11-13 19:13:41,579 INFO [vert.x-eventloop-thread-4] o.p.f.CustomRequestFilter [CustomRequestFilter.java:18] Log 1
2015-11-13 19:13:41,588 INFO [vert.x-eventloop-thread-4] o.p.f.CustomResponseFilter [CustomResponseFilter.java:26] Log 2
2015-11-13 19:13:41,693 INFO [vert.x-eventloop-thread-4] o.p.r.MyResourceLayer [MyResourceLayer.java:41] Eco!
2015-11-13 19:13:41,694 INFO [vert.x-eventloop-thread-4] o.p.f.CustomRequestFilter [CustomRequestFilter.java:18] Log 1
2015-11-13 19:13:41,695 INFO [vert.x-eventloop-thread-4] o.p.f.CustomResponseFilter [CustomResponseFilter.java:26] Log 2
2015-11-13 19:13:41,852 INFO [vert.x-eventloop-thread-4] o.p.r.MyResourceLayer [MyResourceLayer.java:41] Eco!
2015-11-13 19:13:41,852 INFO [vert.x-eventloop-thread-4] o.p.f.CustomRequestFilter [CustomRequestFilter.java:18] Log 1
2015-11-13 19:13:41,853 INFO [vert.x-eventloop-thread-4] o.p.f.CustomResponseFilter [CustomResponseFilter.java:26] Log 2
2015-11-13 19:13:41,996 INFO [vert.x-eventloop-thread-4] o.p.r.MyResourceLayer [MyResourceLayer.java:41] Eco!
2015-11-13 19:13:41,996 INFO [vert.x-eventloop-thread-4] o.p.f.CustomRequestFilter [CustomRequestFilter.java:18] Log 1
2015-11-13 19:13:41,997 INFO [vert.x-eventloop-thread-4] o.p.f.CustomResponseFilter [CustomResponseFilter.java:26] Log 2
2015-11-13 19:13:42,139 INFO [vert.x-eventloop-thread-4] o.p.r.MyResourceLayer [MyResourceLayer.java:41] Eco!
2015-11-13 19:13:42,140 INFO [vert.x-eventloop-thread-4] o.p.f.CustomRequestFilter [CustomRequestFilter.java:18] Log 1
2015-11-13 19:13:42,140 INFO [vert.x-eventloop-thread-4] o.p.f.CustomResponseFilter [CustomResponseFilter.java:26] Log 2
2015-11-13 19:13:42,294 INFO [vert.x-eventloop-thread-4] o.p.r.MyResourceLayer [MyResourceLayer.java:41] Eco!
2015-11-13 19:13:42,294 INFO [vert.x-eventloop-thread-4] o.p.f.CustomRequestFilter [CustomRequestFilter.java:18] Log 1
2015-11-13 19:13:42,295 INFO [vert.x-eventloop-thread-4] o.p.f.CustomResponseFilter [CustomResponseFilter.java:26] Log 2
2015-11-13 19:13:42,429 INFO [vert.x-eventloop-thread-4] o.p.r.MyResourceLayer [MyResourceLayer.java:41] Eco!
2015-11-13 19:13:42,429 INFO [vert.x-eventloop-thread-4] o.p.f.CustomRequestFilter [CustomRequestFilter.java:18] Log 1
2015-11-13 19:13:42,430 INFO [vert.x-eventloop-thread-4] o.p.f.CustomResponseFilter [CustomResponseFilter.java:26] Log 2
